[debug] [2017-07-05T09:39:06.762Z] ----------------------------------------------------------------------
[debug] [2017-07-05T09:39:06.772Z] Command:      C:\Program Files\nodejs\node.exe C:\Users\ABUTU\AppData\Roaming\npm\node_modules\firebase-tools\bin\firebase serve
[debug] [2017-07-05T09:39:06.773Z] CLI Version:  3.9.1
[debug] [2017-07-05T09:39:06.774Z] Platform:     win32
[debug] [2017-07-05T09:39:06.774Z] Node Version: v6.10.3
[debug] [2017-07-05T09:39:06.777Z] Time:         Wed Jul 05 2017 10:39:06 GMT+0100 (W. Central Africa Standard Time)
[debug] [2017-07-05T09:39:06.777Z] ----------------------------------------------------------------------
[debug] 
[debug] [2017-07-05T09:39:06.827Z] > command requires scopes: ["email","openid","https://www.googleapis.com/auth/cloudplatformprojects.readonly","https://www.googleapis.com/auth/firebase","https://www.googleapis.com/auth/cloud-platform"]
[debug] [2017-07-05T09:39:06.828Z] > authorizing via signed-in user
[debug] [2017-07-05T09:39:06.834Z] > refreshing access token with scopes: ["email","https://www.googleapis.com/auth/cloud-platform","https://www.googleapis.com/auth/cloudplatformprojects.readonly","https://www.googleapis.com/auth/firebase","openid"]
[debug] [2017-07-05T09:39:06.835Z] >>> HTTP REQUEST POST https://www.googleapis.com/oauth2/v3/token { refresh_token: '1/Z6J2jfsd-Ziu9dD7fbNVae2oHyozx8kCK4ulK8yG42Q',
  client_id: '563584335869-fgrhgmd47bqnekij5i8b5pr03ho849e6.apps.googleusercontent.com',
  client_secret: 'j9iVZfS8kkCEFUPaAeJV0sAi',
  grant_type: 'refresh_token',
  scope: 'email https://www.googleapis.com/auth/cloud-platform https://www.googleapis.com/auth/cloudplatformprojects.readonly https://www.googleapis.com/auth/firebase openid' } 
 Wed Jul 05 2017 10:39:06 GMT+0100 (W. Central Africa Standard Time)
[debug] [2017-07-05T09:39:10.426Z] <<< HTTP RESPONSE 200
[debug] [2017-07-05T09:39:10.490Z] >>> HTTP REQUEST GET https://admin.firebase.com/v1/projects/map-project-1494699551234  
 Wed Jul 05 2017 10:39:10 GMT+0100 (W. Central Africa Standard Time)
[debug] [2017-07-05T09:39:12.636Z] <<< HTTP RESPONSE 200
[debug] [2017-07-05T09:39:12.640Z] >>> HTTP REQUEST GET https://admin.firebase.com/v1/database/map-project-1494699551234/tokens  
 Wed Jul 05 2017 10:39:12 GMT+0100 (W. Central Africa Standard Time)
[debug] [2017-07-05T09:39:14.050Z] <<< HTTP RESPONSE 200
[info] 
[info] === Serving from 'C:\Users\ABUTU\Documents\NetBeansProjects\LaCriMapSys\public_html'...
[info] 
[debug] [2017-07-05T09:39:14.102Z] >>> HTTP REQUEST GET https://cloudresourcemanager.googleapis.com/v1/projects/map-project-1494699551234  
 Wed Jul 05 2017 10:39:14 GMT+0100 (W. Central Africa Standard Time)
[debug] [2017-07-05T09:39:15.581Z] <<< HTTP RESPONSE 200
[debug] [2017-07-05T09:39:15.583Z] >>> HTTP REQUEST GET https://mobilesdk-pa.googleapis.com/v1/projects/215190078870/clients/_:getWebAppConfig  
 Wed Jul 05 2017 10:39:15 GMT+0100 (W. Central Africa Standard Time)
[debug] [2017-07-05T09:39:16.969Z] <<< HTTP RESPONSE 200
[info] i  hosting: Serving hosting files from: ./
[info] +  hosting: Local server: http://localhost:5000

[debug] [2017-07-05T22:32:29.822Z] ----------------------------------------------------------------------
[debug] [2017-07-05T22:32:29.838Z] Command:      C:\Program Files\nodejs\node.exe C:\Users\ABUTU\AppData\Roaming\npm\node_modules\firebase-tools\bin\firebase serve
[debug] [2017-07-05T22:32:29.838Z] CLI Version:  3.9.1
[debug] [2017-07-05T22:32:29.838Z] Platform:     win32
[debug] [2017-07-05T22:32:29.838Z] Node Version: v6.10.3
[debug] [2017-07-05T22:32:29.838Z] Time:         Wed Jul 05 2017 23:32:29 GMT+0100 (W. Central Africa Standard Time)
[debug] [2017-07-05T22:32:29.838Z] ----------------------------------------------------------------------
[debug] 
[debug] [2017-07-05T22:32:29.901Z] > command requires scopes: ["email","openid","https://www.googleapis.com/auth/cloudplatformprojects.readonly","https://www.googleapis.com/auth/firebase","https://www.googleapis.com/auth/cloud-platform"]
[debug] [2017-07-05T22:32:29.903Z] > authorizing via signed-in user
[debug] [2017-07-05T22:32:29.910Z] > refreshing access token with scopes: ["email","https://www.googleapis.com/auth/cloud-platform","https://www.googleapis.com/auth/cloudplatformprojects.readonly","https://www.googleapis.com/auth/firebase","openid"]
[debug] [2017-07-05T22:32:29.912Z] >>> HTTP REQUEST POST https://www.googleapis.com/oauth2/v3/token { refresh_token: '1/Z6J2jfsd-Ziu9dD7fbNVae2oHyozx8kCK4ulK8yG42Q',
  client_id: '563584335869-fgrhgmd47bqnekij5i8b5pr03ho849e6.apps.googleusercontent.com',
  client_secret: 'j9iVZfS8kkCEFUPaAeJV0sAi',
  grant_type: 'refresh_token',
  scope: 'email https://www.googleapis.com/auth/cloud-platform https://www.googleapis.com/auth/cloudplatformprojects.readonly https://www.googleapis.com/auth/firebase openid' } 
 Wed Jul 05 2017 23:32:29 GMT+0100 (W. Central Africa Standard Time)
[debug] [2017-07-05T22:32:31.827Z] <<< HTTP RESPONSE 200
[debug] [2017-07-05T22:32:31.909Z] >>> HTTP REQUEST GET https://admin.firebase.com/v1/projects/map-project-1494699551234  
 Wed Jul 05 2017 23:32:31 GMT+0100 (W. Central Africa Standard Time)
[debug] [2017-07-05T22:32:34.462Z] <<< HTTP RESPONSE 200
[debug] [2017-07-05T22:32:34.478Z] >>> HTTP REQUEST GET https://admin.firebase.com/v1/database/map-project-1494699551234/tokens  
 Wed Jul 05 2017 23:32:34 GMT+0100 (W. Central Africa Standard Time)
[debug] [2017-07-05T22:32:36.526Z] <<< HTTP RESPONSE 200
[info] 
[info] === Serving from 'C:\Users\ABUTU\Documents\NetBeansProjects\LaCriMapSys\public_html'...
[info] 
[debug] [2017-07-05T22:32:36.542Z] >>> HTTP REQUEST GET https://cloudresourcemanager.googleapis.com/v1/projects/map-project-1494699551234  
 Wed Jul 05 2017 23:32:36 GMT+0100 (W. Central Africa Standard Time)
[debug] [2017-07-05T22:32:38.527Z] <<< HTTP RESPONSE 200
[debug] [2017-07-05T22:32:38.527Z] >>> HTTP REQUEST GET https://mobilesdk-pa.googleapis.com/v1/projects/215190078870/clients/_:getWebAppConfig  
 Wed Jul 05 2017 23:32:38 GMT+0100 (W. Central Africa Standard Time)
[debug] [2017-07-05T22:32:40.802Z] <<< HTTP RESPONSE 200
[info] i  hosting: Serving hosting files from: ./
[info] +  hosting: Local server: http://localhost:5000

